0001_0031_0010_0058_0058.jpg 1 31 10 58 58
0002_0009_0012_0057_0057.jpg 1 9 12 57 57
0003_0004_0019_0062_0062.jpg 1 4 19 62 62
0004_0015_0024_0061_0061.jpg 1 15 24 61 61
0005_0004_0012_0064_0064.jpg 1 4 12 64 64
0006_0019_0054_0035_0035.jpg 1 19 54 35 35
0007_0023_0042_0051_0051.jpg 1 23 42 51 51
0008_0026_0017_0036_0036.jpg 1 26 17 36 36
0009_0022_0022_0068_0068.jpg 1 22 22 68 68
0010_0010_0017_0029_0029.jpg 1 10 17 29 29
0011_0013_0022_0034_0034.jpg 1 13 22 34 34
0012_0017_0006_0045_0045.jpg 1 17 6 45 45
0013_0022_0022_0059_0059.jpg 1 22 22 59 59
0014_0009_0007_0067_0067.jpg 1 9 7 67 67
0015_0011_0006_0069_0069.jpg 1 11 6 69 69
0016_0027_0052_0039_0039.jpg 1 27 52 39 39
0017_0017_0031_0045_0045.jpg 1 17 31 45 45
0018_0043_0026_0035_0035.jpg 1 43 26 35 35
0019_0039_0009_0030_0030.jpg 1 39 9 30 30
0020_0028_0025_0045_0045.jpg 1 28 25 45 45
0021_0039_0009_0030_0030.jpg 1 39 9 30 30
0022_0032_0054_0031_0031.jpg 1 32 54 31 31
0023_0023_0030_0055_0055.jpg 1 23 30 55 55
0024_0028_0051_0033_0033.jpg 1 28 51 33 33
0025_0028_0026_0050_0050.jpg 1 28 26 50 50
0026_0045_0060_0026_0026.jpg 1 45 60 26 26
0027_0024_0038_0047_0047.jpg 1 24 38 47 47
0028_0034_0018_0031_0031.jpg 1 34 18 31 31
0029_0052_0029_0031_0031.jpg 1 52 29 31 31
0030_0026_0007_0059_0059.jpg 1 26 7 59 59
0031_0043_0027_0030_0030.jpg 1 43 27 30 30
0032_0036_0028_0037_0037.jpg 1 36 28 37 37
0033_0038_0013_0051_0051.jpg 1 38 13 51 51
0034_0036_0047_0033_0033.jpg 1 36 47 33 33
0035_0039_0039_0024_0024.jpg 1 39 39 24 24
0036_0010_0060_0026_0026.jpg 1 10 60 26 26
0037_0031_0032_0058_0058.jpg 1 31 32 58 58
0038_0024_0022_0051_0051.jpg 1 24 22 51 51
0039_0045_0039_0049_0049.jpg 1 45 39 49 49
0040_0042_0019_0047_0047.jpg 1 42 19 47 47
0041_0025_0053_0024_0024.jpg 1 25 53 24 24
0042_0025_0033_0045_0045.jpg 1 25 33 45 45
0043_0035_0036_0052_0052.jpg 1 35 36 52 52
0044_0008_0008_0062_0062.jpg 1 8 8 62 62
0045_0039_0009_0045_0045.jpg 1 39 9 45 45
0046_0009_0019_0060_0060.jpg 1 9 19 60 60
0047_0005_0017_0063_0063.jpg 1 5 17 63 63
0048_0007_0024_0024_0024.jpg 1 7 24 24 24
0049_0045_0028_0030_0030.jpg 1 45 28 30 30
0050_0007_0029_0055_0055.jpg 1 7 29 55 55
0051_0022_0052_0028_0028.jpg 1 22 52 28 28
0052_0012_0030_0057_0057.jpg 1 12 30 57 57
0053_0019_0026_0058_0058.jpg 1 19 26 58 58
0054_0014_0012_0048_0048.jpg 1 14 12 48 48
0055_0016_0005_0067_0067.jpg 1 16 5 67 67
0056_0005_0004_0064_0064.jpg 1 5 4 64 64
0057_0005_0022_0066_0066.jpg 1 5 22 66 66
0058_0025_0030_0058_0058.jpg 1 25 30 58 58
0059_0022_0030_0029_0029.jpg 1 22 30 29 29
0060_0046_0048_0036_0036.jpg 1 46 48 36 36
0061_0044_0022_0026_0026.jpg 1 44 22 26 26
0062_0031_0016_0050_0050.jpg 1 31 16 50 50
0063_0037_0045_0044_0044.jpg 1 37 45 44 44
0064_0018_0037_0043_0043.jpg 1 18 37 43 43
0065_0038_0021_0049_0049.jpg 1 38 21 49 49
0066_0007_0020_0066_0066.jpg 1 7 20 66 66
0067_0024_0028_0043_0043.jpg 1 24 28 43 43
0068_0035_0042_0030_0030.jpg 1 35 42 30 30
0069_0030_0021_0056_0056.jpg 1 30 21 56 56
0070_0007_0006_0044_0044.jpg 1 7 6 44 44
0071_0032_0019_0053_0053.jpg 1 32 19 53 53
0072_0037_0061_0031_0031.jpg 1 37 61 31 31
0073_0015_0021_0055_0055.jpg 1 15 21 55 55
0074_0055_0056_0035_0035.jpg 1 55 56 35 35
0075_0036_0009_0035_0035.jpg 1 36 9 35 35
0076_0030_0036_0051_0051.jpg 1 30 36 51 51
0077_0039_0014_0044_0044.jpg 1 39 14 44 44
0078_0009_0062_0028_0028.jpg 1 9 62 28 28
0079_0031_0008_0063_0063.jpg 1 31 8 63 63
0080_0010_0054_0038_0038.jpg 1 10 54 38 38
0081_0017_0007_0066_0066.jpg 1 17 7 66 66
0082_0011_0033_0042_0042.jpg 1 11 33 42 42
0083_0033_0026_0038_0038.jpg 1 33 26 38 38
0084_0049_0045_0041_0041.jpg 1 49 45 41 41
0085_0019_0006_0069_0069.jpg 1 19 6 69 69
0086_0007_0003_0064_0064.jpg 1 7 3 64 64
0087_0016_0028_0024_0024.jpg 1 16 28 24 24
0088_0030_0010_0039_0039.jpg 1 30 10 39 39
0089_0052_0041_0041_0041.jpg 1 52 41 41 41
0090_0024_0020_0056_0056.jpg 1 24 20 56 56
0091_0022_0022_0057_0057.jpg 1 22 22 57 57
0092_0023_0018_0065_0065.jpg 1 23 18 65 65
0093_0017_0031_0059_0059.jpg 1 17 31 59 59
0094_0065_0054_0024_0024.jpg 1 65 54 24 24
0095_0019_0009_0059_0059.jpg 1 19 9 59 59
0096_0038_0035_0035_0035.jpg 1 38 35 35 35
0097_0015_0055_0036_0036.jpg 1 15 55 36 36
0098_0031_0019_0041_0041.jpg 1 31 19 41 41
0099_0039_0008_0056_0056.jpg 1 39 8 56 56
0100_0007_0011_0059_0059.jpg 1 7 11 59 59
0101_0020_0029_0058_0058.jpg 1 20 29 58 58
0102_0030_0033_0049_0049.jpg 1 30 33 49 49
0103_0019_0025_0033_0033.jpg 1 19 25 33 33
0104_0054_0063_0027_0027.jpg 1 54 63 27 27
0105_0027_0019_0025_0025.jpg 1 27 19 25 25
0106_0011_0015_0061_0061.jpg 1 11 15 61 61
0107_0042_0011_0027_0027.jpg 1 42 11 27 27
0108_0013_0026_0060_0060.jpg 1 13 26 60 60
0109_0033_0005_0057_0057.jpg 1 33 5 57 57
0110_0028_0038_0056_0056.jpg 1 28 38 56 56
0111_0008_0008_0066_0066.jpg 1 8 8 66 66
0112_0010_0017_0030_0030.jpg 1 10 17 30 30
0113_0027_0010_0047_0047.jpg 1 27 10 47 47
0114_0014_0012_0040_0040.jpg 1 14 12 40 40
0115_0052_0012_0040_0040.jpg 1 52 12 40 40
0116_0018_0018_0068_0068.jpg 1 18 18 68 68
0117_0021_0005_0069_0069.jpg 1 21 5 69 69
0118_0045_0012_0047_0047.jpg 1 45 12 47 47
0119_0020_0031_0064_0064.jpg 1 20 31 64 64
0120_0016_0004_0059_0059.jpg 1 16 4 59 59
0121_0036_0029_0029_0029.jpg 1 36 29 29 29
0122_0045_0042_0032_0032.jpg 1 45 42 32 32
0123_0006_0034_0043_0043.jpg 1 6 34 43 43
0124_0030_0037_0054_0054.jpg 1 30 37 54 54
0125_0027_0005_0067_0067.jpg 1 27 5 67 67
0126_0057_0039_0033_0033.jpg 1 57 39 33 33
0127_0022_0016_0056_0056.jpg 1 22 16 56 56
0128_0010_0012_0067_0067.jpg 1 10 12 67 67
0129_0046_0022_0047_0047.jpg 1 46 22 47 47
0130_0036_0044_0036_0036.jpg 1 36 44 36 36
0131_0039_0038_0046_0046.jpg 1 39 38 46 46
0132_0022_0027_0060_0060.jpg 1 22 27 60 60
0133_0008_0007_0028_0028.jpg 1 8 7 28 28
0134_0028_0009_0066_0066.jpg 1 28 9 66 66
0135_0023_0005_0065_0065.jpg 1 23 5 65 65
0136_0022_0010_0029_0029.jpg 1 22 10 29 29
0137_0023_0031_0062_0062.jpg 1 23 31 62 62
0138_0031_0014_0046_0046.jpg 1 31 14 46 46
0139_0005_0022_0069_0069.jpg 1 5 22 69 69
0140_0017_0020_0044_0044.jpg 1 17 20 44 44
0141_0013_0032_0042_0042.jpg 1 13 32 42 42
0142_0040_0028_0048_0048.jpg 1 40 28 48 48
0143_0041_0024_0027_0027.jpg 1 41 24 27 27
0144_0066_0036_0025_0025.jpg 1 66 36 25 25
0145_0024_0030_0062_0062.jpg 1 24 30 62 62
0146_0027_0031_0055_0055.jpg 1 27 31 55 55
0147_0013_0027_0062_0062.jpg 1 13 27 62 62
0148_0018_0028_0058_0058.jpg 1 18 28 58 58
0149_0025_0031_0046_0046.jpg 1 25 31 46 46
0150_0042_0020_0050_0050.jpg 1 42 20 50 50
0151_0039_0038_0041_0041.jpg 1 39 38 41 41
0152_0046_0009_0047_0047.jpg 1 46 9 47 47
0153_0049_0032_0037_0037.jpg 1 49 32 37 37
0154_0013_0022_0034_0034.jpg 1 13 22 34 34
0155_0022_0009_0050_0050.jpg 1 22 9 50 50
0156_0061_0054_0027_0027.jpg 1 61 54 27 27
0157_0037_0035_0036_0036.jpg 1 37 35 36 36
0158_0032_0043_0038_0038.jpg 1 32 43 38 38
0159_0051_0019_0041_0041.jpg 1 51 19 41 41
0160_0015_0005_0068_0068.jpg 1 15 5 68 68
0161_0023_0030_0046_0046.jpg 1 23 30 46 46
0162_0021_0031_0059_0059.jpg 1 21 31 59 59
0163_0009_0008_0041_0041.jpg 1 9 8 41 41
0164_0043_0053_0028_0028.jpg 1 43 53 28 28
0165_0030_0045_0041_0041.jpg 1 30 45 41 41
0166_0038_0024_0038_0038.jpg 1 38 24 38 38
0167_0040_0022_0046_0046.jpg 1 40 22 46 46
0168_0026_0065_0024_0024.jpg 1 26 65 24 24
0169_0030_0012_0062_0062.jpg 1 30 12 62 62
0170_0024_0033_0032_0032.jpg 1 24 33 32 32
0171_0006_0005_0062_0062.jpg 1 6 5 62 62
0172_0006_0034_0053_0053.jpg 1 6 34 53 53
0173_0037_0015_0051_0051.jpg 1 37 15 51 51
0174_0014_0058_0025_0025.jpg 1 14 58 25 25
0175_0009_0040_0046_0046.jpg 1 9 40 46 46
0176_0035_0046_0025_0025.jpg 1 35 46 25 25
0177_0021_0023_0055_0055.jpg 1 21 23 55 55
0178_0011_0020_0067_0067.jpg 1 11 20 67 67
0179_0020_0053_0036_0036.jpg 1 20 53 36 36
0180_0034_0053_0036_0036.jpg 1 34 53 36 36
0181_0013_0039_0048_0048.jpg 1 13 39 48 48
0182_0032_0010_0035_0035.jpg 1 32 10 35 35
0183_0026_0009_0036_0036.jpg 1 26 9 36 36
0184_0035_0034_0025_0025.jpg 1 35 34 25 25
0185_0037_0008_0055_0055.jpg 1 37 8 55 55
0186_0044_0029_0049_0049.jpg 1 44 29 49 49
0187_0029_0030_0043_0043.jpg 1 29 30 43 43
0188_0017_0025_0053_0053.jpg 1 17 25 53 53
0189_0036_0058_0031_0031.jpg 1 36 58 31 31
0190_0020_0007_0043_0043.jpg 1 20 7 43 43
0191_0018_0026_0024_0024.jpg 1 18 26 24 24
0192_0052_0015_0028_0028.jpg 1 52 15 28 28
0193_0032_0017_0055_0055.jpg 1 32 17 55 55
0194_0041_0057_0030_0030.jpg 1 41 57 30 30
0195_0057_0014_0031_0031.jpg 1 57 14 31 31
0196_0031_0011_0048_0048.jpg 1 31 11 48 48
0197_0019_0034_0029_0029.jpg 1 19 34 29 29
0198_0008_0013_0068_0068.jpg 1 8 13 68 68
0199_0007_0005_0065_0065.jpg 1 7 5 65 65
0200_0004_0034_0061_0061.jpg 1 4 34 61 61
0201_0038_0020_0028_0028.jpg 1 38 20 28 28
0202_0011_0030_0062_0062.jpg 1 11 30 62 62
0203_0027_0044_0050_0050.jpg 1 27 44 50 50
0204_0039_0015_0032_0032.jpg 1 39 15 32 32
0205_0055_0029_0030_0030.jpg 1 55 29 30 30
0206_0039_0039_0029_0029.jpg 1 39 39 29 29
0207_0025_0057_0036_0036.jpg 1 25 57 36 36
0208_0019_0031_0043_0043.jpg 1 19 31 43 43
0209_0023_0018_0033_0033.jpg 1 23 18 33 33
0210_0019_0033_0049_0049.jpg 1 19 33 49 49
0211_0046_0032_0033_0033.jpg 1 46 32 33 33
0212_0016_0025_0038_0038.jpg 1 16 25 38 38
0213_0006_0006_0052_0052.jpg 1 6 6 52 52
0214_0049_0053_0035_0035.jpg 1 49 53 35 35
0215_0041_0039_0024_0024.jpg 1 41 39 24 24
0216_0045_0024_0036_0036.jpg 1 45 24 36 36
0217_0024_0003_0061_0061.jpg 1 24 3 61 61
0218_0008_0041_0031_0031.jpg 1 8 41 31 31
0219_0029_0040_0052_0052.jpg 1 29 40 52 52
0220_0042_0017_0034_0034.jpg 1 42 17 34 34
0221_0052_0038_0037_0037.jpg 1 52 38 37 37
0222_0036_0048_0045_0045.jpg 1 36 48 45 45
0223_0015_0015_0052_0052.jpg 1 15 15 52 52
0224_0049_0064_0025_0025.jpg 1 49 64 25 25
0225_0037_0006_0055_0055.jpg 1 37 6 55 55
0226_0026_0003_0069_0069.jpg 1 26 3 69 69
0227_0012_0054_0037_0037.jpg 1 12 54 37 37
0228_0007_0034_0054_0054.jpg 1 7 34 54 54
0229_0038_0012_0044_0044.jpg 1 38 12 44 44
0230_0032_0025_0060_0060.jpg 1 32 25 60 60
0231_0025_0029_0058_0058.jpg 1 25 29 58 58
0232_0033_0028_0054_0054.jpg 1 33 28 54 54
0233_0026_0036_0037_0037.jpg 1 26 36 37 37
0234_0013_0008_0050_0050.jpg 1 13 8 50 50
0235_0022_0009_0051_0051.jpg 1 22 9 51 51
0236_0032_0028_0033_0033.jpg 1 32 28 33 33
0237_0026_0026_0068_0068.jpg 1 26 26 68 68
0238_0027_0028_0034_0034.jpg 1 27 28 34 34
0239_0042_0029_0040_0040.jpg 1 42 29 40 40
0240_0014_0029_0066_0066.jpg 1 14 29 66 66
0241_0020_0033_0055_0055.jpg 1 20 33 55 55
0242_0026_0011_0048_0048.jpg 1 26 11 48 48
0243_0015_0014_0033_0033.jpg 1 15 14 33 33
0244_0026_0012_0029_0029.jpg 1 26 12 29 29
0245_0036_0040_0035_0035.jpg 1 36 40 35 35
0246_0024_0017_0048_0048.jpg 1 24 17 48 48
0247_0008_0041_0046_0046.jpg 1 8 41 46 46
0248_0053_0053_0039_0039.jpg 1 53 53 39 39
0249_0024_0018_0059_0059.jpg 1 24 18 59 59
0250_0044_0035_0049_0049.jpg 1 44 35 49 49
0251_0020_0009_0064_0064.jpg 1 20 9 64 64
0252_0014_0044_0047_0047.jpg 1 14 44 47 47
0253_0050_0048_0029_0029.jpg 1 50 48 29 29
0254_0053_0047_0039_0039.jpg 1 53 47 39 39
0255_0035_0034_0059_0059.jpg 1 35 34 59 59
0256_0015_0015_0038_0038.jpg 1 15 15 38 38
0257_0012_0029_0046_0046.jpg 1 12 29 46 46
0258_0010_0023_0041_0041.jpg 1 10 23 41 41
0259_0008_0021_0069_0069.jpg 1 8 21 69 69
0260_0056_0022_0035_0035.jpg 1 56 22 35 35
0261_0031_0013_0048_0048.jpg 1 31 13 48 48
0262_0006_0028_0061_0061.jpg 1 6 28 61 61
0263_0016_0038_0056_0056.jpg 1 16 38 56 56
0264_0020_0019_0065_0065.jpg 1 20 19 65 65
0265_0056_0055_0029_0029.jpg 1 56 55 29 29
0266_0058_0059_0033_0033.jpg 1 58 59 33 33
0267_0029_0013_0041_0041.jpg 1 29 13 41 41
0268_0011_0031_0046_0046.jpg 1 11 31 46 46
0269_0007_0023_0061_0061.jpg 1 7 23 61 61
0270_0019_0005_0048_0048.jpg 1 19 5 48 48
0271_0058_0014_0027_0027.jpg 1 58 14 27 27
0272_0043_0037_0049_0049.jpg 1 43 37 49 49
0273_0015_0023_0038_0038.jpg 1 15 23 38 38
0274_0048_0023_0038_0038.jpg 1 48 23 38 38
0275_0017_0003_0066_0066.jpg 1 17 3 66 66
0276_0010_0024_0069_0069.jpg 1 10 24 69 69
0277_0012_0017_0065_0065.jpg 1 12 17 65 65
0278_0021_0013_0064_0064.jpg 1 21 13 64 64
0279_0025_0026_0064_0064.jpg 1 25 26 64 64
0280_0057_0042_0027_0027.jpg 1 57 42 27 27
0281_0022_0043_0044_0044.jpg 1 22 43 44 44
0282_0063_0057_0024_0024.jpg 1 63 57 24 24
0283_0030_0022_0059_0059.jpg 1 30 22 59 59
0284_0026_0024_0041_0041.jpg 1 26 24 41 41
0285_0024_0009_0069_0069.jpg 1 24 9 69 69
0286_0007_0046_0035_0035.jpg 1 7 46 35 35
0287_0058_0017_0027_0027.jpg 1 58 17 27 27
0288_0015_0046_0031_0031.jpg 1 15 46 31 31
0289_0022_0007_0066_0066.jpg 1 22 7 66 66
0290_0036_0012_0051_0051.jpg 1 36 12 51 51
0291_0010_0045_0025_0025.jpg 1 10 45 25 25
0292_0035_0038_0044_0044.jpg 1 35 38 44 44
0293_0013_0044_0027_0027.jpg 1 13 44 27 27
0294_0016_0010_0064_0064.jpg 1 16 10 64 64
0295_0018_0010_0069_0069.jpg 1 18 10 69 69
0296_0026_0006_0034_0034.jpg 1 26 6 34 34
0297_0026_0046_0034_0034.jpg 1 26 46 34 34
0298_0006_0031_0056_0056.jpg 1 6 31 56 56
0299_0027_0056_0024_0024.jpg 1 27 56 24 24
0300_0027_0026_0040_0040.jpg 1 27 26 40 40
0301_0018_0004_0063_0063.jpg 1 18 4 63 63
0302_0008_0018_0067_0067.jpg 1 8 18 67 67
0303_0012_0026_0050_0050.jpg 1 12 26 50 50
0304_0040_0018_0040_0040.jpg 1 40 18 40 40
0305_0021_0010_0052_0052.jpg 1 21 10 52 52
0306_0039_0032_0039_0039.jpg 1 39 32 39 39
0307_0040_0026_0050_0050.jpg 1 40 26 50 50
0308_0025_0010_0065_0065.jpg 1 25 10 65 65
0309_0014_0032_0061_0061.jpg 1 14 32 61 61
0310_0039_0005_0053_0053.jpg 1 39 5 53 53
0311_0024_0010_0046_0046.jpg 1 24 10 46 46
0312_0010_0021_0065_0065.jpg 1 10 21 65 65
0313_0028_0021_0031_0031.jpg 1 28 21 31 31
0314_0024_0025_0051_0051.jpg 1 24 25 51 51
0315_0008_0051_0040_0040.jpg 1 8 51 40 40
0316_0028_0023_0030_0030.jpg 1 28 23 30 30
0317_0018_0007_0044_0044.jpg 1 18 7 44 44
0318_0014_0026_0033_0033.jpg 1 14 26 33 33
0319_0033_0034_0054_0054.jpg 1 33 34 54 54
0320_0004_0014_0068_0068.jpg 1 4 14 68 68
0321_0034_0028_0044_0044.jpg 1 34 28 44 44
0322_0049_0050_0041_0041.jpg 1 49 50 41 41
0323_0014_0006_0048_0048.jpg 1 14 6 48 48
0324_0012_0020_0052_0052.jpg 1 12 20 52 52
0325_0041_0040_0053_0053.jpg 1 41 40 53 53
0326_0019_0026_0039_0039.jpg 1 19 26 39 39
0327_0020_0027_0041_0041.jpg 1 20 27 41 41
0328_0016_0005_0066_0066.jpg 1 16 5 66 66
0329_0018_0015_0061_0061.jpg 1 18 15 61 61
0330_0024_0020_0061_0061.jpg 1 24 20 61 61
0331_0033_0006_0048_0048.jpg 1 33 6 48 48
0332_0026_0021_0055_0055.jpg 1 26 21 55 55
0333_0020_0006_0068_0068.jpg 1 20 6 68 68
0334_0031_0028_0046_0046.jpg 1 31 28 46 46
0335_0028_0050_0042_0042.jpg 1 28 50 42 42
0336_0014_0009_0042_0042.jpg 1 14 9 42 42
0337_0004_0029_0064_0064.jpg 1 4 29 64 64
0338_0026_0032_0029_0029.jpg 1 26 32 29 29
0339_0030_0006_0053_0053.jpg 1 30 6 53 53
0340_0006_0016_0067_0067.jpg 1 6 16 67 67
0341_0004_0030_0066_0066.jpg 1 4 30 66 66
0342_0032_0011_0054_0054.jpg 1 32 11 54 54
0343_0016_0047_0041_0041.jpg 1 16 47 41 41
0344_0019_0021_0068_0068.jpg 1 19 21 68 68
0345_0008_0025_0060_0060.jpg 1 8 25 60 60
0346_0024_0032_0046_0046.jpg 1 24 32 46 46
0347_0023_0015_0054_0054.jpg 1 23 15 54 54
0348_0039_0054_0027_0027.jpg 1 39 54 27 27
0349_0038_0022_0037_0037.jpg 1 38 22 37 37
0350_0007_0047_0047_0047.jpg 1 7 47 47 47
0351_0028_0061_0030_0030.jpg 1 28 61 30 30
0352_0007_0011_0065_0065.jpg 1 7 11 65 65
0353_0026_0023_0059_0059.jpg 1 26 23 59 59
0354_0029_0021_0058_0058.jpg 1 29 21 58 58
0355_0022_0016_0068_0068.jpg 1 22 16 68 68
0356_0022_0039_0050_0050.jpg 1 22 39 50 50
0357_0023_0034_0038_0038.jpg 1 23 34 38 38
0358_0018_0018_0025_0025.jpg 1 18 18 25 25
0359_0028_0019_0055_0055.jpg 1 28 19 55 55
0360_0054_0023_0037_0037.jpg 1 54 23 37 37
0361_0014_0038_0042_0042.jpg 1 14 38 42 42
0362_0018_0012_0035_0035.jpg 1 18 12 35 35
0363_0024_0016_0029_0029.jpg 1 24 16 29 29
0364_0010_0048_0031_0031.jpg 1 10 48 31 31
0365_0023_0026_0025_0025.jpg 1 23 26 25 25
0366_0017_0037_0045_0045.jpg 1 17 37 45 45
0367_0021_0010_0054_0054.jpg 1 21 10 54 54
0368_0052_0013_0032_0032.jpg 1 52 13 32 32
0369_0028_0016_0050_0050.jpg 1 28 16 50 50
0370_0029_0025_0031_0031.jpg 1 29 25 31 31
0371_0030_0058_0028_0028.jpg 1 30 58 28 28
0372_0025_0017_0067_0067.jpg 1 25 17 67 67
0373_0049_0047_0024_0024.jpg 1 49 47 24 24
0374_0009_0015_0066_0066.jpg 1 9 15 66 66
0375_0029_0008_0024_0024.jpg 1 29 8 24 24
0376_0051_0015_0042_0042.jpg 1 51 15 42 42
0377_0031_0030_0043_0043.jpg 1 31 30 43 43
0378_0034_0023_0056_0056.jpg 1 34 23 56 56
0379_0023_0027_0069_0069.jpg 1 23 27 69 69
0380_0051_0028_0042_0042.jpg 1 51 28 42 42
0381_0012_0033_0031_0031.jpg 1 12 33 31 31
0382_0007_0018_0057_0057.jpg 1 7 18 57 57
0383_0017_0008_0062_0062.jpg 1 17 8 62 62
0384_0021_0017_0043_0043.jpg 1 21 17 43 43
0385_0051_0053_0038_0038.jpg 1 51 53 38 38
0386_0020_0054_0030_0030.jpg 1 20 54 30 30
0387_0038_0015_0055_0055.jpg 1 38 15 55 55
0388_0026_0018_0066_0066.jpg 1 26 18 66 66
0389_0016_0042_0049_0049.jpg 1 16 42 49 49
0390_0046_0025_0034_0034.jpg 1 46 25 34 34
0391_0046_0013_0043_0043.jpg 1 46 13 43 43
0392_0024_0021_0047_0047.jpg 1 24 21 47 47
0393_0008_0030_0043_0043.jpg 1 8 30 43 43
0394_0051_0021_0035_0035.jpg 1 51 21 35 35
0395_0011_0025_0047_0047.jpg 1 11 25 47 47
0396_0032_0014_0056_0056.jpg 1 32 14 56 56
0397_0010_0020_0054_0054.jpg 1 10 20 54 54
0398_0011_0008_0034_0034.jpg 1 11 8 34 34
0399_0022_0027_0030_0030.jpg 1 22 27 30 30
0400_0033_0022_0062_0062.jpg 1 33 22 62 62
0401_0045_0026_0037_0037.jpg 1 45 26 37 37
0402_0034_0042_0049_0049.jpg 1 34 42 49 49
0403_0015_0013_0060_0060.jpg 1 15 13 60 60
0404_0007_0011_0037_0037.jpg 1 7 11 37 37
0405_0060_0029_0029_0029.jpg 1 60 29 29 29
0406_0041_0009_0046_0046.jpg 1 41 9 46 46
0407_0027_0024_0047_0047.jpg 1 27 24 47 47
0408_0055_0024_0037_0037.jpg 1 55 24 37 37
0409_0034_0015_0028_0028.jpg 1 34 15 28 28
0410_0044_0039_0045_0045.jpg 1 44 39 45 45
0411_0037_0037_0056_0056.jpg 1 37 37 56 56
0412_0034_0029_0061_0061.jpg 1 34 29 61 61
0413_0042_0026_0049_0049.jpg 1 42 26 49 49
0414_0027_0028_0039_0039.jpg 1 27 28 39 39
0415_0019_0018_0065_0065.jpg 1 19 18 65 65
0416_0027_0017_0038_0038.jpg 1 27 17 38 38
0417_0023_0034_0045_0045.jpg 1 23 34 45 45
0418_0013_0011_0045_0045.jpg 1 13 11 45 45
0419_0026_0020_0039_0039.jpg 1 26 20 39 39
0420_0047_0055_0038_0038.jpg 1 47 55 38 38
0421_0011_0016_0051_0051.jpg 1 11 16 51 51
0422_0016_0041_0037_0037.jpg 1 16 41 37 37
0423_0047_0039_0037_0037.jpg 1 47 39 37 37
0424_0050_0015_0033_0033.jpg 1 50 15 33 33
0425_0027_0014_0037_0037.jpg 1 27 14 37 37
0426_0029_0015_0067_0067.jpg 1 29 15 67 67
0427_0011_0024_0041_0041.jpg 1 11 24 41 41
0428_0012_0023_0063_0063.jpg 1 12 23 63 63
0429_0039_0050_0040_0040.jpg 1 39 50 40 40
0430_0028_0008_0062_0062.jpg 1 28 8 62 62
0431_0034_0006_0036_0036.jpg 1 34 6 36 36
0432_0024_0056_0035_0035.jpg 1 24 56 35 35
0433_0038_0014_0043_0043.jpg 1 38 14 43 43
0434_0035_0004_0056_0056.jpg 1 35 4 56 56
0435_0028_0027_0068_0068.jpg 1 28 27 68 68
0436_0031_0029_0064_0064.jpg 1 31 29 64 64
0437_0040_0039_0049_0049.jpg 1 40 39 49 49
0438_0028_0027_0065_0065.jpg 1 28 27 65 65
0439_0006_0024_0069_0069.jpg 1 6 24 69 69
0440_0056_0023_0029_0029.jpg 1 56 23 29 29
0441_0029_0013_0066_0066.jpg 1 29 13 66 66
0442_0022_0027_0055_0055.jpg 1 22 27 55 55
0443_0019_0023_0063_0063.jpg 1 19 23 63 63
0444_0020_0046_0045_0045.jpg 1 20 46 45 45
0445_0060_0031_0033_0033.jpg 1 60 31 33 33
0446_0010_0031_0056_0056.jpg 1 10 31 56 56
0447_0023_0027_0056_0056.jpg 1 23 27 56 56
0448_0006_0024_0067_0067.jpg 1 6 24 67 67
0449_0016_0022_0045_0045.jpg 1 16 22 45 45
0450_0066_0059_0026_0026.jpg 1 66 59 26 26
0451_0008_0031_0024_0024.jpg 1 8 31 24 24
0452_0013_0006_0053_0053.jpg 1 13 6 53 53
0453_0014_0005_0061_0061.jpg 1 14 5 61 61
0454_0030_0034_0055_0055.jpg 1 30 34 55 55
0455_0011_0030_0046_0046.jpg 1 11 30 46 46
0456_0027_0031_0038_0038.jpg 1 27 31 38 38
0457_0027_0062_0026_0026.jpg 1 27 62 26 26
0458_0031_0008_0051_0051.jpg 1 31 8 51 51
0459_0011_0004_0067_0067.jpg 1 11 4 67 67
0460_0026_0019_0061_0061.jpg 1 26 19 61 61
0461_0018_0031_0034_0034.jpg 1 18 31 34 34
0462_0038_0010_0024_0024.jpg 1 38 10 24 24
0463_0037_0050_0025_0025.jpg 1 37 50 25 25
0464_0052_0057_0031_0031.jpg 1 52 57 31 31
0465_0021_0021_0049_0049.jpg 1 21 21 49 49
0466_0047_0018_0030_0030.jpg 1 47 18 30 30
0467_0019_0040_0042_0042.jpg 1 19 40 42 42
0468_0019_0021_0063_0063.jpg 1 19 21 63 63
0469_0030_0008_0066_0066.jpg 1 30 8 66 66
0470_0019_0023_0067_0067.jpg 1 19 23 67 67
0471_0039_0021_0028_0028.jpg 1 39 21 28 28
0472_0018_0012_0056_0056.jpg 1 18 12 56 56
0473_0012_0010_0069_0069.jpg 1 12 10 69 69
0474_0014_0031_0053_0053.jpg 1 14 31 53 53
0475_0031_0058_0035_0035.jpg 1 31 58 35 35
0476_0045_0030_0047_0047.jpg 1 45 30 47 47
0477_0036_0023_0059_0059.jpg 1 36 23 59 59
0478_0036_0047_0037_0037.jpg 1 36 47 37 37
0479_0037_0032_0054_0054.jpg 1 37 32 54 54
0480_0017_0029_0044_0044.jpg 1 17 29 44 44
0481_0027_0015_0052_0052.jpg 1 27 15 52 52
0482_0018_0015_0052_0052.jpg 1 18 15 52 52
0483_0012_0017_0050_0050.jpg 1 12 17 50 50
0484_0010_0017_0066_0066.jpg 1 10 17 66 66
0485_0013_0007_0054_0054.jpg 1 13 7 54 54
0486_0020_0016_0027_0027.jpg 1 20 16 27 27
0487_0013_0016_0068_0068.jpg 1 13 16 68 68
0488_0040_0021_0029_0029.jpg 1 40 21 29 29
0489_0029_0020_0040_0040.jpg 1 29 20 40 40
0490_0026_0030_0049_0049.jpg 1 26 30 49 49
0491_0011_0040_0031_0031.jpg 1 11 40 31 31
0492_0029_0022_0064_0064.jpg 1 29 22 64 64
0493_0056_0055_0030_0030.jpg 1 56 55 30 30
0494_0006_0053_0038_0038.jpg 1 6 53 38 38
0495_0018_0029_0043_0043.jpg 1 18 29 43 43
0496_0007_0044_0046_0046.jpg 1 7 44 46 46
0497_0053_0050_0031_0031.jpg 1 53 50 31 31
0498_0020_0030_0042_0042.jpg 1 20 30 42 42
0499_0035_0005_0046_0046.jpg 1 35 5 46 46
0500_0021_0017_0064_0064.jpg 1 21 17 64 64
0501_0034_0031_0052_0052.jpg 1 34 31 52 52
0502_0032_0022_0039_0039.jpg 1 32 22 39 39
0503_0036_0042_0046_0046.jpg 1 36 42 46 46
0504_0023_0018_0048_0048.jpg 1 23 18 48 48
0505_0013_0019_0035_0035.jpg 1 13 19 35 35
0506_0014_0006_0044_0044.jpg 1 14 6 44 44
0507_0034_0032_0061_0061.jpg 1 34 32 61 61
0508_0017_0031_0055_0055.jpg 1 17 31 55 55
0509_0018_0029_0056_0056.jpg 1 18 29 56 56
0510_0013_0013_0030_0030.jpg 1 13 13 30 30
0511_0041_0030_0053_0053.jpg 1 41 30 53 53
0512_0033_0033_0044_0044.jpg 1 33 33 44 44
0513_0024_0057_0034_0034.jpg 1 24 57 34 34
0514_0003_0021_0066_0066.jpg 1 3 21 66 66
0515_0055_0013_0038_0038.jpg 1 55 13 38 38
0516_0008_0043_0045_0045.jpg 1 8 43 45 45
0517_0058_0023_0030_0030.jpg 1 58 23 30 30
0518_0021_0014_0063_0063.jpg 1 21 14 63 63
0519_0013_0004_0052_0052.jpg 1 13 4 52 52
0520_0033_0045_0044_0044.jpg 1 33 45 44 44
0521_0056_0027_0034_0034.jpg 1 56 27 34 34
0522_0023_0008_0031_0031.jpg 1 23 8 31 31
0523_0011_0010_0044_0044.jpg 1 11 10 44 44
0524_0042_0035_0043_0043.jpg 1 42 35 43 43
0525_0060_0033_0027_0027.jpg 1 60 33 27 27
0526_0020_0018_0060_0060.jpg 1 20 18 60 60
0527_0047_0046_0036_0036.jpg 1 47 46 36 36
0528_0039_0022_0044_0044.jpg 1 39 22 44 44
0529_0013_0014_0056_0056.jpg 1 13 14 56 56
0530_0014_0023_0048_0048.jpg 1 14 23 48 48
0531_0031_0026_0048_0048.jpg 1 31 26 48 48
0532_0021_0020_0035_0035.jpg 1 21 20 35 35
0533_0030_0019_0055_0055.jpg 1 30 19 55 55
0534_0025_0025_0045_0045.jpg 1 25 25 45 45
0535_0013_0034_0028_0028.jpg 1 13 34 28 28
0536_0012_0018_0064_0064.jpg 1 12 18 64 64
0537_0008_0029_0062_0062.jpg 1 8 29 62 62
0538_0012_0062_0026_0026.jpg 1 12 62 26 26
0539_0024_0031_0064_0064.jpg 1 24 31 64 64
0540_0036_0023_0050_0050.jpg 1 36 23 50 50
0541_0022_0027_0065_0065.jpg 1 22 27 65 65
0542_0041_0049_0035_0035.jpg 1 41 49 35 35
0543_0026_0012_0054_0054.jpg 1 26 12 54 54
0544_0061_0055_0030_0030.jpg 1 61 55 30 30
0545_0035_0026_0058_0058.jpg 1 35 26 58 58
0546_0005_0042_0049_0049.jpg 1 5 42 49 49
0547_0042_0024_0038_0038.jpg 1 42 24 38 38
0548_0019_0042_0032_0032.jpg 1 19 42 32 32
0549_0016_0026_0056_0056.jpg 1 16 26 56 56
0550_0018_0025_0051_0051.jpg 1 18 25 51 51
0551_0032_0038_0054_0054.jpg 1 32 38 54 54
0552_0048_0015_0038_0038.jpg 1 48 15 38 38
0553_0052_0028_0037_0037.jpg 1 52 28 37 37
0554_0035_0016_0052_0052.jpg 1 35 16 52 52
0555_0040_0005_0055_0055.jpg 1 40 5 55 55
0556_0020_0006_0042_0042.jpg 1 20 6 42 42
0557_0052_0042_0033_0033.jpg 1 52 42 33 33
0558_0023_0033_0029_0029.jpg 1 23 33 29 29
0559_0027_0013_0068_0068.jpg 1 27 13 68 68
0560_0044_0015_0046_0046.jpg 1 44 15 46 46
0561_0010_0027_0059_0059.jpg 1 10 27 59 59
0562_0033_0006_0041_0041.jpg 1 33 6 41 41
0563_0052_0022_0028_0028.jpg 1 52 22 28 28
0564_0033_0015_0026_0026.jpg 1 33 15 26 26
0565_0050_0056_0034_0034.jpg 1 50 56 34 34
0566_0024_0017_0068_0068.jpg 1 24 17 68 68
0567_0031_0024_0054_0054.jpg 1 31 24 54 54
0568_0024_0033_0058_0058.jpg 1 24 33 58 58
0569_0009_0005_0064_0064.jpg 1 9 5 64 64
0570_0041_0009_0032_0032.jpg 1 41 9 32 32
0571_0045_0013_0046_0046.jpg 1 45 13 46 46
0572_0024_0019_0062_0062.jpg 1 24 19 62 62
0573_0023_0033_0035_0035.jpg 1 23 33 35 35
0574_0022_0033_0041_0041.jpg 1 22 33 41 41
0575_0027_0017_0037_0037.jpg 1 27 17 37 37
0576_0006_0007_0039_0039.jpg 1 6 7 39 39
0577_0040_0013_0047_0047.jpg 1 40 13 47 47
0578_0006_0008_0044_0044.jpg 1 6 8 44 44
0579_0014_0009_0058_0058.jpg 1 14 9 58 58
0580_0017_0011_0066_0066.jpg 1 17 11 66 66
0581_0016_0022_0046_0046.jpg 1 16 22 46 46
0582_0049_0036_0036_0036.jpg 1 49 36 36 36
0583_0025_0018_0060_0060.jpg 1 25 18 60 60
0584_0048_0026_0030_0030.jpg 1 48 26 30 30
0585_0015_0052_0040_0040.jpg 1 15 52 40 40
0586_0051_0046_0041_0041.jpg 1 51 46 41 41
0587_0024_0008_0025_0025.jpg 1 24 8 25 25
0588_0017_0063_0028_0028.jpg 1 17 63 28 28
0589_0006_0010_0054_0054.jpg 1 6 10 54 54
0590_0016_0035_0028_0028.jpg 1 16 35 28 28
0591_0061_0056_0028_0028.jpg 1 61 56 28 28
0592_0013_0012_0064_0064.jpg 1 13 12 64 64
0593_0023_0010_0044_0044.jpg 1 23 10 44 44
0594_0021_0006_0061_0061.jpg 1 21 6 61 61
0595_0009_0020_0039_0039.jpg 1 9 20 39 39
0596_0006_0017_0066_0066.jpg 1 6 17 66 66
0597_0015_0031_0061_0061.jpg 1 15 31 61 61
0598_0010_0014_0048_0048.jpg 1 10 14 48 48
0599_0048_0047_0036_0036.jpg 1 48 47 36 36
0600_0030_0040_0055_0055.jpg 1 30 40 55 55
0601_0010_0010_0062_0062.jpg 1 10 10 62 62
0602_0007_0022_0049_0049.jpg 1 7 22 49 49
0603_0059_0034_0031_0031.jpg 1 59 34 31 31
0604_0038_0014_0053_0053.jpg 1 38 14 53 53
0605_0022_0015_0059_0059.jpg 1 22 15 59 59
0606_0037_0019_0025_0025.jpg 1 37 19 25 25
0607_0037_0017_0035_0035.jpg 1 37 17 35 35
0608_0053_0014_0039_0039.jpg 1 53 14 39 39
0609_0029_0038_0035_0035.jpg 1 29 38 35 35
0610_0021_0028_0066_0066.jpg 1 21 28 66 66
0611_0026_0009_0068_0068.jpg 1 26 9 68 68
0612_0015_0052_0035_0035.jpg 1 15 52 35 35
0613_0063_0007_0025_0025.jpg 1 63 7 25 25
0614_0007_0027_0056_0056.jpg 1 7 27 56 56
0615_0046_0014_0047_0047.jpg 1 46 14 47 47
0616_0008_0045_0031_0031.jpg 1 8 45 31 31
0617_0008_0014_0051_0051.jpg 1 8 14 51 51
0618_0049_0037_0035_0035.jpg 1 49 37 35 35
0619_0035_0029_0059_0059.jpg 1 35 29 59 59
0620_0019_0054_0039_0039.jpg 1 19 54 39 39
0621_0054_0056_0037_0037.jpg 1 54 56 37 37
0622_0055_0033_0025_0025.jpg 1 55 33 25 25
0623_0029_0020_0061_0061.jpg 1 29 20 61 61
0624_0028_0027_0053_0053.jpg 1 28 27 53 53
0625_0025_0010_0029_0029.jpg 1 25 10 29 29
0626_0058_0054_0035_0035.jpg 1 58 54 35 35
0627_0015_0047_0041_0041.jpg 1 15 47 41 41
0628_0010_0031_0037_0037.jpg 1 10 31 37 37
0629_0026_0022_0056_0056.jpg 1 26 22 56 56
0630_0058_0043_0032_0032.jpg 1 58 43 32 32
0631_0032_0024_0054_0054.jpg 1 32 24 54 54
0632_0011_0035_0028_0028.jpg 1 11 35 28 28
0633_0006_0008_0046_0046.jpg 1 6 8 46 46
0634_0014_0040_0044_0044.jpg 1 14 40 44 44
0635_0008_0041_0025_0025.jpg 1 8 41 25 25
0636_0012_0030_0032_0032.jpg 1 12 30 32 32
0637_0017_0017_0068_0068.jpg 1 17 17 68 68
0638_0007_0045_0036_0036.jpg 1 7 45 36 36
0639_0012_0013_0062_0062.jpg 1 12 13 62 62
0640_0017_0006_0062_0062.jpg 1 17 6 62 62
0641_0014_0043_0048_0048.jpg 1 14 43 48 48
0642_0050_0031_0040_0040.jpg 1 50 31 40 40
0643_0036_0037_0056_0056.jpg 1 36 37 56 56
0644_0011_0018_0064_0064.jpg 1 11 18 64 64
0645_0047_0014_0038_0038.jpg 1 47 14 38 38
0646_0040_0021_0033_0033.jpg 1 40 21 33 33
0647_0026_0005_0053_0053.jpg 1 26 5 53 53
0648_0006_0011_0053_0053.jpg 1 6 11 53 53
0649_0042_0016_0024_0024.jpg 1 42 16 24 24
0650_0013_0036_0051_0051.jpg 1 13 36 51 51
0651_0046_0013_0042_0042.jpg 1 46 13 42 42
0652_0053_0053_0026_0026.jpg 1 53 53 26 26
0653_0030_0029_0040_0040.jpg 1 30 29 40 40
0654_0034_0022_0040_0040.jpg 1 34 22 40 40
0655_0010_0042_0036_0036.jpg 1 10 42 36 36
0656_0022_0036_0037_0037.jpg 1 22 36 37 37
0657_0011_0017_0065_0065.jpg 1 11 17 65 65
0658_0024_0021_0057_0057.jpg 1 24 21 57 57
0659_0023_0036_0041_0041.jpg 1 23 36 41 41
0660_0026_0030_0062_0062.jpg 1 26 30 62 62
0661_0015_0038_0048_0048.jpg 1 15 38 48 48
0662_0023_0047_0044_0044.jpg 1 23 47 44 44
0663_0015_0040_0053_0053.jpg 1 15 40 53 53
0664_0022_0017_0046_0046.jpg 1 22 17 46 46
0665_0040_0019_0025_0025.jpg 1 40 19 25 25
0666_0023_0010_0060_0060.jpg 1 23 10 60 60
0667_0047_0047_0032_0032.jpg 1 47 47 32 32
0668_0008_0054_0032_0032.jpg 1 8 54 32 32
0669_0015_0037_0058_0058.jpg 1 15 37 58 58
0670_0016_0016_0027_0027.jpg 1 16 16 27 27
0671_0012_0026_0043_0043.jpg 1 12 26 43 43
0672_0014_0011_0065_0065.jpg 1 14 11 65 65
0673_0050_0023_0031_0031.jpg 1 50 23 31 31
0674_0007_0011_0057_0057.jpg 1 7 11 57 57
0675_0027_0031_0063_0063.jpg 1 27 31 63 63
0676_0034_0058_0029_0029.jpg 1 34 58 29 29
0677_0036_0024_0059_0059.jpg 1 36 24 59 59
0678_0019_0034_0041_0041.jpg 1 19 34 41 41
0679_0011_0011_0068_0068.jpg 1 11 11 68 68
0680_0018_0030_0052_0052.jpg 1 18 30 52 52
0681_0044_0011_0039_0039.jpg 1 44 11 39 39
0682_0019_0008_0066_0066.jpg 1 19 8 66 66
0683_0004_0012_0061_0061.jpg 1 4 12 61 61
0684_0041_0036_0043_0043.jpg 1 41 36 43 43
0685_0017_0035_0047_0047.jpg 1 17 35 47 47
0686_0026_0009_0034_0034.jpg 1 26 9 34 34
0687_0009_0008_0034_0034.jpg 1 9 8 34 34
0688_0011_0005_0066_0066.jpg 1 11 5 66 66
0689_0031_0021_0062_0062.jpg 1 31 21 62 62
0690_0024_0037_0048_0048.jpg 1 24 37 48 48
0691_0033_0012_0030_0030.jpg 1 33 12 30 30
0692_0045_0029_0029_0029.jpg 1 45 29 29 29
0693_0033_0057_0030_0030.jpg 1 33 57 30 30
0694_0020_0064_0025_0025.jpg 1 20 64 25 25
0695_0020_0014_0033_0033.jpg 1 20 14 33 33
0696_0004_0012_0060_0060.jpg 1 4 12 60 60
0697_0017_0022_0044_0044.jpg 1 17 22 44 44
0698_0006_0031_0053_0053.jpg 1 6 31 53 53
0699_0041_0012_0035_0035.jpg 1 41 12 35 35
0700_0017_0015_0061_0061.jpg 1 17 15 61 61
0701_0019_0049_0037_0037.jpg 1 19 49 37 37
0702_0046_0045_0029_0029.jpg 1 46 45 29 29
0703_0013_0009_0064_0064.jpg 1 13 9 64 64
0704_0009_0023_0051_0051.jpg 1 9 23 51 51
0705_0019_0012_0062_0062.jpg 1 19 12 62 62
0706_0008_0011_0068_0068.jpg 1 8 11 68 68
0707_0022_0041_0051_0051.jpg 1 22 41 51 51
0708_0009_0015_0064_0064.jpg 1 9 15 64 64
0709_0030_0018_0060_0060.jpg 1 30 18 60 60
0710_0011_0014_0060_0060.jpg 1 11 14 60 60
0711_0008_0011_0058_0058.jpg 1 8 11 58 58
0712_0027_0018_0065_0065.jpg 1 27 18 65 65
0713_0039_0054_0025_0025.jpg 1 39 54 25 25
0714_0012_0022_0062_0062.jpg 1 12 22 62 62
0715_0016_0031_0062_0062.jpg 1 16 31 62 62
0716_0043_0024_0034_0034.jpg 1 43 24 34 34
0717_0023_0030_0052_0052.jpg 1 23 30 52 52
0718_0040_0052_0039_0039.jpg 1 40 52 39 39
0719_0023_0010_0024_0024.jpg 1 23 10 24 24
0720_0051_0028_0026_0026.jpg 1 51 28 26 26
0721_0039_0025_0039_0039.jpg 1 39 25 39 39
0722_0026_0008_0027_0027.jpg 1 26 8 27 27
0723_0030_0037_0054_0054.jpg 1 30 37 54 54
0724_0019_0034_0046_0046.jpg 1 19 34 46 46
0725_0039_0035_0043_0043.jpg 1 39 35 43 43
0726_0036_0031_0039_0039.jpg 1 36 31 39 39
0727_0028_0032_0062_0062.jpg 1 28 32 62 62
0728_0007_0051_0042_0042.jpg 1 7 51 42 42
0729_0010_0033_0063_0063.jpg 1 10 33 63 63
0730_0012_0008_0051_0051.jpg 1 12 8 51 51
0731_0034_0041_0033_0033.jpg 1 34 41 33 33
0732_0008_0008_0063_0063.jpg 1 8 8 63 63
0733_0029_0042_0045_0045.jpg 1 29 42 45 45
0734_0016_0013_0048_0048.jpg 1 16 13 48 48
0735_0012_0007_0046_0046.jpg 1 12 7 46 46
0736_0010_0016_0030_0030.jpg 1 10 16 30 30
0737_0053_0034_0040_0040.jpg 1 53 34 40 40
0738_0005_0017_0054_0054.jpg 1 5 17 54 54
0739_0018_0034_0058_0058.jpg 1 18 34 58 58
0740_0019_0028_0061_0061.jpg 1 19 28 61 61
0741_0027_0006_0056_0056.jpg 1 27 6 56 56
0742_0008_0006_0050_0050.jpg 1 8 6 50 50
0743_0008_0028_0051_0051.jpg 1 8 28 51 51
0744_0009_0031_0063_0063.jpg 1 9 31 63 63
0745_0015_0013_0049_0049.jpg 1 15 13 49 49
0746_0040_0022_0049_0049.jpg 1 40 22 49 49
0747_0031_0023_0052_0052.jpg 1 31 23 52 52
0748_0011_0005_0055_0055.jpg 1 11 5 55 55
0749_0007_0013_0054_0054.jpg 1 7 13 54 54
0750_0033_0028_0040_0040.jpg 1 33 28 40 40
0751_0019_0025_0030_0030.jpg 1 19 25 30 30
0752_0056_0047_0028_0028.jpg 1 56 47 28 28
0753_0020_0048_0026_0026.jpg 1 20 48 26 26
0754_0016_0033_0042_0042.jpg 1 16 33 42 42
0755_0031_0052_0034_0034.jpg 1 31 52 34 34
0756_0011_0057_0035_0035.jpg 1 11 57 35 35
0757_0018_0020_0036_0036.jpg 1 18 20 36 36
0758_0025_0018_0056_0056.jpg 1 25 18 56 56
0759_0021_0011_0024_0024.jpg 1 21 11 24 24
0760_0037_0024_0044_0044.jpg 1 37 24 44 44
0761_0042_0036_0032_0032.jpg 1 42 36 32 32
0762_0045_0043_0024_0024.jpg 1 45 43 24 24
0763_0047_0033_0045_0045.jpg 1 47 33 45 45
0764_0010_0040_0044_0044.jpg 1 10 40 44 44
0765_0025_0040_0053_0053.jpg 1 25 40 53 53
0766_0016_0014_0059_0059.jpg 1 16 14 59 59
0767_0033_0028_0034_0034.jpg 1 33 28 34 34
0768_0021_0007_0060_0060.jpg 1 21 7 60 60
0769_0014_0005_0051_0051.jpg 1 14 5 51 51
0770_0005_0022_0050_0050.jpg 1 5 22 50 50
0771_0042_0014_0034_0034.jpg 1 42 14 34 34
0772_0064_0042_0026_0026.jpg 1 64 42 26 26
0773_0031_0035_0053_0053.jpg 1 31 35 53 53
0774_0045_0012_0041_0041.jpg 1 45 12 41 41
0775_0009_0032_0053_0053.jpg 1 9 32 53 53
0776_0015_0027_0040_0040.jpg 1 15 27 40 40
0777_0030_0054_0037_0037.jpg 1 30 54 37 37
0778_0050_0041_0030_0030.jpg 1 50 41 30 30
0779_0048_0031_0044_0044.jpg 1 48 31 44 44
0780_0009_0010_0063_0063.jpg 1 9 10 63 63
0781_0014_0049_0026_0026.jpg 1 14 49 26 26
0782_0036_0026_0048_0048.jpg 1 36 26 48 48
0783_0028_0015_0053_0053.jpg 1 28 15 53 53
0784_0043_0047_0043_0043.jpg 1 43 47 43 43
0785_0044_0012_0031_0031.jpg 1 44 12 31 31
0786_0044_0010_0041_0041.jpg 1 44 10 41 41
0787_0026_0052_0039_0039.jpg 1 26 52 39 39
0788_0017_0016_0069_0069.jpg 1 17 16 69 69
0789_0005_0006_0067_0067.jpg 1 5 6 67 67
0790_0008_0012_0065_0065.jpg 1 8 12 65 65
0791_0038_0013_0028_0028.jpg 1 38 13 28 28
0792_0011_0027_0063_0063.jpg 1 11 27 63 63
0793_0025_0012_0028_0028.jpg 1 25 12 28 28
0794_0043_0010_0050_0050.jpg 1 43 10 50 50
0795_0020_0008_0035_0035.jpg 1 20 8 35 35
0796_0034_0013_0044_0044.jpg 1 34 13 44 44
0797_0022_0046_0029_0029.jpg 1 22 46 29 29
0798_0041_0047_0038_0038.jpg 1 41 47 38 38
0799_0015_0029_0053_0053.jpg 1 15 29 53 53
0800_0021_0018_0059_0059.jpg 1 21 18 59 59
0801_0040_0026_0037_0037.jpg 1 40 26 37 37
0802_0006_0028_0048_0048.jpg 1 6 28 48 48
0803_0009_0039_0037_0037.jpg 1 9 39 37 37
0804_0015_0011_0059_0059.jpg 1 15 11 59 59
0805_0022_0044_0047_0047.jpg 1 22 44 47 47
0806_0014_0020_0063_0063.jpg 1 14 20 63 63
0807_0015_0020_0064_0064.jpg 1 15 20 64 64
0808_0016_0041_0029_0029.jpg 1 16 41 29 29
0809_0019_0054_0038_0038.jpg 1 19 54 38 38
0810_0032_0035_0046_0046.jpg 1 32 35 46 46
0811_0037_0020_0034_0034.jpg 1 37 20 34 34
0812_0055_0033_0034_0034.jpg 1 55 33 34 34
0813_0052_0041_0031_0031.jpg 1 52 41 31 31
0814_0016_0009_0034_0034.jpg 1 16 9 34 34
0815_0034_0029_0041_0041.jpg 1 34 29 41 41
0816_0041_0023_0024_0024.jpg 1 41 23 24 24
0817_0060_0034_0032_0032.jpg 1 60 34 32 32
0818_0033_0047_0033_0033.jpg 1 33 47 33 33
0819_0022_0007_0039_0039.jpg 1 22 7 39 39
0820_0009_0030_0060_0060.jpg 1 9 30 60 60
0821_0020_0026_0065_0065.jpg 1 20 26 65 65
0822_0015_0027_0057_0057.jpg 1 15 27 57 57
0823_0031_0009_0031_0031.jpg 1 31 9 31 31
0824_0027_0011_0065_0065.jpg 1 27 11 65 65
0825_0048_0055_0033_0033.jpg 1 48 55 33 33
0826_0050_0019_0040_0040.jpg 1 50 19 40 40
0827_0006_0036_0035_0035.jpg 1 6 36 35 35
0828_0022_0013_0052_0052.jpg 1 22 13 52 52
0829_0005_0028_0050_0050.jpg 1 5 28 50 50
0830_0032_0018_0042_0042.jpg 1 32 18 42 42
0831_0011_0012_0053_0053.jpg 1 11 12 53 53
0832_0006_0043_0045_0045.jpg 1 6 43 45 45
0833_0021_0010_0055_0055.jpg 1 21 10 55 55
0834_0032_0018_0050_0050.jpg 1 32 18 50 50
0835_0028_0018_0037_0037.jpg 1 28 18 37 37
0836_0044_0034_0049_0049.jpg 1 44 34 49 49
0837_0015_0029_0035_0035.jpg 1 15 29 35 35
0838_0031_0024_0064_0064.jpg 1 31 24 64 64
0839_0037_0033_0038_0038.jpg 1 37 33 38 38
0840_0040_0041_0042_0042.jpg 1 40 41 42 42
0841_0015_0029_0063_0063.jpg 1 15 29 63 63
0842_0029_0013_0031_0031.jpg 1 29 13 31 31
0843_0020_0033_0056_0056.jpg 1 20 33 56 56
0844_0019_0031_0048_0048.jpg 1 19 31 48 48
0845_0025_0043_0050_0050.jpg 1 25 43 50 50
0846_0018_0018_0065_0065.jpg 1 18 18 65 65
0847_0021_0017_0067_0067.jpg 1 21 17 67 67
0848_0034_0021_0037_0037.jpg 1 34 21 37 37
0849_0012_0019_0067_0067.jpg 1 12 19 67 67
0850_0025_0005_0069_0069.jpg 1 25 5 69 69
0851_0005_0010_0069_0069.jpg 1 5 10 69 69
0852_0018_0041_0027_0027.jpg 1 18 41 27 27
0853_0032_0045_0031_0031.jpg 1 32 45 31 31
0854_0005_0036_0059_0059.jpg 1 5 36 59 59
0855_0028_0027_0061_0061.jpg 1 28 27 61 61
0856_0015_0004_0059_0059.jpg 1 15 4 59 59
0857_0006_0029_0051_0051.jpg 1 6 29 51 51
0858_0029_0053_0040_0040.jpg 1 29 53 40 40
0859_0012_0012_0055_0055.jpg 1 12 12 55 55
0860_0017_0019_0055_0055.jpg 1 17 19 55 55
0861_0018_0021_0068_0068.jpg 1 18 21 68 68
0862_0007_0019_0063_0063.jpg 1 7 19 63 63
0863_0014_0007_0035_0035.jpg 1 14 7 35 35
0864_0043_0041_0043_0043.jpg 1 43 41 43 43
0865_0018_0025_0065_0065.jpg 1 18 25 65 65
0866_0054_0033_0038_0038.jpg 1 54 33 38 38
0867_0006_0022_0063_0063.jpg 1 6 22 63 63
0868_0019_0032_0064_0064.jpg 1 19 32 64 64
0869_0033_0038_0050_0050.jpg 1 33 38 50 50
0870_0040_0041_0042_0042.jpg 1 40 41 42 42
0871_0028_0036_0050_0050.jpg 1 28 36 50 50
0872_0054_0050_0027_0027.jpg 1 54 50 27 27
0873_0015_0020_0058_0058.jpg 1 15 20 58 58
0874_0049_0031_0044_0044.jpg 1 49 31 44 44
0875_0016_0008_0058_0058.jpg 1 16 8 58 58
0876_0025_0023_0068_0068.jpg 1 25 23 68 68
0877_0031_0019_0056_0056.jpg 1 31 19 56 56
0878_0012_0010_0056_0056.jpg 1 12 10 56 56
0879_0011_0026_0045_0045.jpg 1 11 26 45 45
0880_0027_0019_0068_0068.jpg 1 27 19 68 68
0881_0013_0035_0060_0060.jpg 1 13 35 60 60
0882_0028_0037_0047_0047.jpg 1 28 37 47 47
0883_0011_0028_0038_0038.jpg 1 11 28 38 38
0884_0048_0031_0046_0046.jpg 1 48 31 46 46
0885_0018_0017_0064_0064.jpg 1 18 17 64 64
0886_0019_0014_0059_0059.jpg 1 19 14 59 59
0887_0029_0029_0024_0024.jpg 1 29 29 24 24
0888_0026_0018_0040_0040.jpg 1 26 18 40 40
0889_0009_0017_0059_0059.jpg 1 9 17 59 59
0890_0024_0034_0035_0035.jpg 1 24 34 35 35
0891_0023_0027_0032_0032.jpg 1 23 27 32 32
0892_0054_0026_0030_0030.jpg 1 54 26 30 30
0893_0009_0039_0037_0037.jpg 1 9 39 37 37
0894_0020_0008_0039_0039.jpg 1 20 8 39 39
0895_0011_0022_0063_0063.jpg 1 11 22 63 63
0896_0014_0040_0026_0026.jpg 1 14 40 26 26
0897_0043_0058_0032_0032.jpg 1 43 58 32 32
0898_0054_0048_0024_0024.jpg 1 54 48 24 24
0899_0048_0051_0027_0027.jpg 1 48 51 27 27
0900_0027_0015_0061_0061.jpg 1 27 15 61 61
0901_0042_0007_0040_0040.jpg 1 42 7 40 40
0902_0006_0019_0065_0065.jpg 1 6 19 65 65
0903_0021_0043_0024_0024.jpg 1 21 43 24 24
0904_0030_0040_0040_0040.jpg 1 30 40 40 40
0905_0023_0027_0060_0060.jpg 1 23 27 60 60
0906_0017_0027_0063_0063.jpg 1 17 27 63 63
0907_0045_0027_0033_0033.jpg 1 45 27 33 33
0908_0031_0017_0052_0052.jpg 1 31 17 52 52
0909_0027_0030_0047_0047.jpg 1 27 30 47 47
0910_0044_0009_0024_0024.jpg 1 44 9 24 24
0911_0013_0029_0051_0051.jpg 1 13 29 51 51
0912_0020_0028_0066_0066.jpg 1 20 28 66 66
0913_0029_0026_0062_0062.jpg 1 29 26 62 62
0914_0034_0018_0041_0041.jpg 1 34 18 41 41
0915_0043_0038_0051_0051.jpg 1 43 38 51 51
0916_0026_0067_0024_0024.jpg 1 26 67 24 24
0917_0021_0005_0056_0056.jpg 1 21 5 56 56
0918_0038_0041_0041_0041.jpg 1 38 41 41 41
0919_0055_0050_0027_0027.jpg 1 55 50 27 27
0920_0053_0034_0039_0039.jpg 1 53 34 39 39
0921_0056_0044_0033_0033.jpg 1 56 44 33 33
0922_0056_0014_0032_0032.jpg 1 56 14 32 32
0923_0024_0027_0047_0047.jpg 1 24 27 47 47
0924_0009_0019_0042_0042.jpg 1 9 19 42 42
0925_0038_0034_0033_0033.jpg 1 38 34 33 33
0926_0031_0023_0059_0059.jpg 1 31 23 59 59
0927_0009_0011_0061_0061.jpg 1 9 11 61 61
0928_0022_0027_0061_0061.jpg 1 22 27 61 61
0929_0012_0028_0067_0067.jpg 1 12 28 67 67
0930_0038_0039_0029_0029.jpg 1 38 39 29 29
0931_0024_0019_0069_0069.jpg 1 24 19 69 69
0932_0023_0056_0030_0030.jpg 1 23 56 30 30
0933_0033_0029_0059_0059.jpg 1 33 29 59 59
0934_0005_0027_0062_0062.jpg 1 5 27 62 62
0935_0034_0011_0031_0031.jpg 1 34 11 31 31
0936_0009_0045_0042_0042.jpg 1 9 45 42 42
0937_0022_0016_0062_0062.jpg 1 22 16 62 62
0938_0027_0007_0068_0068.jpg 1 27 7 68 68
0939_0037_0021_0028_0028.jpg 1 37 21 28 28
0940_0059_0022_0029_0029.jpg 1 59 22 29 29
0941_0014_0014_0069_0069.jpg 1 14 14 69 69
0942_0028_0033_0029_0029.jpg 1 28 33 29 29
0943_0013_0024_0069_0069.jpg 1 13 24 69 69
0944_0008_0008_0057_0057.jpg 1 8 8 57 57
0945_0032_0009_0060_0060.jpg 1 32 9 60 60
0946_0040_0025_0035_0035.jpg 1 40 25 35 35
0947_0048_0015_0036_0036.jpg 1 48 15 36 36
0948_0034_0006_0059_0059.jpg 1 34 6 59 59
0949_0023_0009_0040_0040.jpg 1 23 9 40 40
0950_0031_0026_0054_0054.jpg 1 31 26 54 54
0951_0022_0007_0064_0064.jpg 1 22 7 64 64
0952_0012_0021_0040_0040.jpg 1 12 21 40 40
0953_0028_0018_0066_0066.jpg 1 28 18 66 66
0954_0010_0034_0034_0034.jpg 1 10 34 34 34
0955_0033_0023_0037_0037.jpg 1 33 23 37 37
0956_0013_0063_0028_0028.jpg 1 13 63 28 28
0957_0014_0027_0054_0054.jpg 1 14 27 54 54
0958_0029_0041_0024_0024.jpg 1 29 41 24 24
0959_0008_0017_0053_0053.jpg 1 8 17 53 53
0960_0031_0028_0039_0039.jpg 1 31 28 39 39
0961_0038_0027_0056_0056.jpg 1 38 27 56 56
0962_0009_0025_0046_0046.jpg 1 9 25 46 46
0963_0005_0027_0045_0045.jpg 1 5 27 45 45
0964_0028_0015_0066_0066.jpg 1 28 15 66 66
0965_0015_0025_0054_0054.jpg 1 15 25 54 54
0966_0015_0031_0055_0055.jpg 1 15 31 55 55
0967_0025_0010_0060_0060.jpg 1 25 10 60 60
0968_0023_0028_0044_0044.jpg 1 23 28 44 44
0969_0021_0016_0049_0049.jpg 1 21 16 49 49
0970_0032_0012_0037_0037.jpg 1 32 12 37 37
0971_0044_0046_0027_0027.jpg 1 44 46 27 27
0972_0017_0029_0063_0063.jpg 1 17 29 63 63
0973_0037_0014_0036_0036.jpg 1 37 14 36 36
0974_0013_0027_0050_0050.jpg 1 13 27 50 50
0975_0024_0027_0025_0025.jpg 1 24 27 25 25
0976_0020_0044_0044_0044.jpg 1 20 44 44 44
0977_0054_0016_0032_0032.jpg 1 54 16 32 32
0978_0028_0027_0060_0060.jpg 1 28 27 60 60
0979_0020_0027_0064_0064.jpg 1 20 27 64 64
0980_0008_0023_0055_0055.jpg 1 8 23 55 55
0981_0008_0025_0058_0058.jpg 1 8 25 58 58
0982_0027_0009_0065_0065.jpg 1 27 9 65 65
0983_0027_0018_0069_0069.jpg 1 27 18 69 69
0984_0015_0031_0055_0055.jpg 1 15 31 55 55
0985_0017_0009_0052_0052.jpg 1 17 9 52 52
0986_0030_0039_0056_0056.jpg 1 30 39 56 56
0987_0003_0017_0064_0064.jpg 1 3 17 64 64
0988_0020_0018_0046_0046.jpg 1 20 18 46 46
0989_0065_0062_0027_0027.jpg 1 65 62 27 27
0990_0027_0030_0046_0046.jpg 1 27 30 46 46
0991_0019_0015_0061_0061.jpg 1 19 15 61 61
0992_0038_0011_0040_0040.jpg 1 38 11 40 40
0993_0019_0026_0069_0069.jpg 1 19 26 69 69
0994_0043_0029_0047_0047.jpg 1 43 29 47 47
0995_0045_0025_0038_0038.jpg 1 45 25 38 38
0996_0025_0040_0028_0028.jpg 1 25 40 28 28
0997_0034_0034_0029_0029.jpg 1 34 34 29 29
0998_0010_0027_0059_0059.jpg 1 10 27 59 59
0999_0029_0013_0066_0066.jpg 1 29 13 66 66
1000_0030_0026_0041_0041.jpg 1 30 26 41 41
1001_0021_0022_0051_0051.jpg 1 21 22 51 51
1002_0032_0028_0041_0041.jpg 1 32 28 41 41
1003_0019_0021_0063_0063.jpg 1 19 21 63 63
1004_0027_0020_0037_0037.jpg 1 27 20 37 37
1005_0008_0017_0049_0049.jpg 1 8 17 49 49
1006_0011_0024_0054_0054.jpg 1 11 24 54 54
1007_0040_0010_0036_0036.jpg 1 40 10 36 36
1008_0032_0008_0057_0057.jpg 1 32 8 57 57
1009_0044_0028_0044_0044.jpg 1 44 28 44 44
1010_0045_0016_0044_0044.jpg 1 45 16 44 44
1011_0019_0023_0042_0042.jpg 1 19 23 42 42
1012_0014_0013_0057_0057.jpg 1 14 13 57 57
1013_0007_0047_0034_0034.jpg 1 7 47 34 34
1014_0008_0013_0045_0045.jpg 1 8 13 45 45
1015_0023_0006_0069_0069.jpg 1 23 6 69 69
1016_0031_0009_0058_0058.jpg 1 31 9 58 58
1017_0023_0056_0025_0025.jpg 1 23 56 25 25
1018_0033_0036_0050_0050.jpg 1 33 36 50 50
1019_0046_0038_0042_0042.jpg 1 46 38 42 42
1020_0045_0029_0043_0043.jpg 1 45 29 43 43
1021_0019_0015_0048_0048.jpg 1 19 15 48 48
1022_0024_0035_0049_0049.jpg 1 24 35 49 49
1023_0011_0038_0048_0048.jpg 1 11 38 48 48
1024_0045_0043_0024_0024.jpg 1 45 43 24 24
1025_0058_0028_0031_0031.jpg 1 58 28 31 31
1026_0019_0025_0061_0061.jpg 1 19 25 61 61
1027_0043_0017_0042_0042.jpg 1 43 17 42 42
1028_0043_0053_0036_0036.jpg 1 43 53 36 36
1029_0006_0022_0066_0066.jpg 1 6 22 66 66
1030_0046_0060_0030_0030.jpg 1 46 60 30 30
1031_0033_0038_0048_0048.jpg 1 33 38 48 48
1032_0012_0022_0051_0051.jpg 1 12 22 51 51
1033_0051_0016_0042_0042.jpg 1 51 16 42 42
1034_0052_0023_0035_0035.jpg 1 52 23 35 35
1035_0053_0050_0031_0031.jpg 1 53 50 31 31
1036_0054_0034_0033_0033.jpg 1 54 34 33 33
1037_0013_0039_0051_0051.jpg 1 13 39 51 51
1038_0025_0044_0046_0046.jpg 1 25 44 46 46
1039_0031_0024_0046_0046.jpg 1 31 24 46 46
1040_0065_0057_0025_0025.jpg 1 65 57 25 25
1041_0049_0030_0032_0032.jpg 1 49 30 32 32
1042_0034_0035_0059_0059.jpg 1 34 35 59 59
1043_0019_0011_0061_0061.jpg 1 19 11 61 61
1044_0005_0016_0054_0054.jpg 1 5 16 54 54
1045_0015_0028_0053_0053.jpg 1 15 28 53 53
1046_0011_0014_0053_0053.jpg 1 11 14 53 53
1047_0026_0006_0068_0068.jpg 1 26 6 68 68
1048_0027_0027_0049_0049.jpg 1 27 27 49 49
1049_0030_0050_0029_0029.jpg 1 30 50 29 29
1050_0022_0004_0065_0065.jpg 1 22 4 65 65
1051_0014_0006_0069_0069.jpg 1 14 6 69 69
1052_0037_0025_0058_0058.jpg 1 37 25 58 58
1053_0035_0027_0045_0045.jpg 1 35 27 45 45
1054_0020_0039_0039_0039.jpg 1 20 39 39 39
1055_0008_0049_0043_0043.jpg 1 8 49 43 43
1056_0054_0035_0027_0027.jpg 1 54 35 27 27
1057_0010_0027_0036_0036.jpg 1 10 27 36 36
1058_0014_0038_0049_0049.jpg 1 14 38 49 49
1059_0041_0021_0051_0051.jpg 1 41 21 51 51
1060_0019_0014_0052_0052.jpg 1 19 14 52 52
1061_0020_0019_0062_0062.jpg 1 20 19 62 62
1062_0032_0031_0064_0064.jpg 1 32 31 64 64
1063_0011_0034_0041_0041.jpg 1 11 34 41 41
1064_0019_0014_0037_0037.jpg 1 19 14 37 37
1065_0045_0049_0041_0041.jpg 1 45 49 41 41
1066_0028_0007_0047_0047.jpg 1 28 7 47 47
1067_0011_0043_0029_0029.jpg 1 11 43 29 29
1068_0013_0048_0035_0035.jpg 1 13 48 35 35
1069_0013_0022_0064_0064.jpg 1 13 22 64 64
1070_0016_0007_0030_0030.jpg 1 16 7 30 30
1071_0013_0026_0066_0066.jpg 1 13 26 66 66
1072_0013_0053_0031_0031.jpg 1 13 53 31 31
1073_0020_0007_0059_0059.jpg 1 20 7 59 59
1074_0015_0049_0043_0043.jpg 1 15 49 43 43
1075_0052_0044_0038_0038.jpg 1 52 44 38 38
1076_0040_0019_0051_0051.jpg 1 40 19 51 51
1077_0022_0009_0054_0054.jpg 1 22 9 54 54
1078_0025_0022_0069_0069.jpg 1 25 22 69 69
1079_0033_0010_0034_0034.jpg 1 33 10 34 34
1080_0039_0051_0037_0037.jpg 1 39 51 37 37
1081_0057_0044_0024_0024.jpg 1 57 44 24 24
1082_0060_0046_0030_0030.jpg 1 60 46 30 30
1083_0023_0025_0068_0068.jpg 1 23 25 68 68
1084_0016_0049_0037_0037.jpg 1 16 49 37 37
1085_0032_0023_0052_0052.jpg 1 32 23 52 52
1086_0018_0013_0067_0067.jpg 1 18 13 67 67
1087_0019_0030_0064_0064.jpg 1 19 30 64 64
1088_0006_0007_0068_0068.jpg 1 6 7 68 68
1089_0018_0007_0035_0035.jpg 1 18 7 35 35
1090_0006_0032_0056_0056.jpg 1 6 32 56 56
